2025-10-01 11:27:26,708 - INFO - Starting visa appointment monitor...
2025-10-01 11:27:27,128 - ERROR - Failed to send notification: (535, b'5.7.8 Username and Password not accepted. For more information, go to\n5.7.8  https://support.google.com/mail/?p=BadCredentials d9443c01a7336-28e8d1e9de2sm1633425ad.121 - gsmtp')
2025-10-01 11:27:27,128 - INFO - Starting appointment check...
2025-10-01 11:27:31,935 - INFO - Navigating to login page...
2025-10-01 11:43:28,118 - INFO - Starting visa appointment monitor...
2025-10-01 11:43:30,631 - INFO - Notification sent: Visa Monitor Started
2025-10-01 11:43:30,632 - INFO - Starting appointment check...
2025-10-01 11:43:31,980 - INFO - Navigating to login page...
2025-10-01 11:43:34,729 - ERROR - Login failed: Message: element click intercepted: Element <input type="checkbox" name="policy_confirmed" id="policy_confirmed" value="1" class="icheck-input icheck[0pwfs]"> is not clickable at point (95, 785). Other element would receive the click: <div class="icheckbox icheck-item icheck[0pwfs] icheck-area-20" style="position: relative;">...</div>
  (Session info: chrome=140.0.7339.128); For documentation on this error, please visit: https://www.selenium.dev/documentation/webdriver/troubleshooting/errors#elementclickinterceptedexception
Stacktrace:
	GetHandleVerifier [0x0x7ff63b2f1eb5+80197]
	GetHandleVerifier [0x0x7ff63b2f1f10+80288]
	(No symbol) [0x0x7ff63b0702fa]
	(No symbol) [0x0x7ff63b0cfe69]
	(No symbol) [0x0x7ff63b0cd7ee]
	(No symbol) [0x0x7ff63b0ca731]
	(No symbol) [0x0x7ff63b0c9620]
	(No symbol) [0x0x7ff63b0babc8]
	(No symbol) [0x0x7ff63b0f037a]
	(No symbol) [0x0x7ff63b0ba456]
	(No symbol) [0x0x7ff63b0f0590]
	(No symbol) [0x0x7ff63b1187fb]
	(No symbol) [0x0x7ff63b0f0153]
	(No symbol) [0x0x7ff63b0b8b02]
	(No symbol) [0x0x7ff63b0b98d3]
	GetHandleVerifier [0x0x7ff63b5ae83d+2949837]
	GetHandleVerifier [0x0x7ff63b5a8c6a+2926330]
	GetHandleVerifier [0x0x7ff63b5c86c7+3055959]
	GetHandleVerifier [0x0x7ff63b30cfee+191102]
	GetHandleVerifier [0x0x7ff63b3150af+224063]
	GetHandleVerifier [0x0x7ff63b2faf64+117236]
	GetHandleVerifier [0x0x7ff63b2fb119+117673]
	GetHandleVerifier [0x0x7ff63b2e10a8+11064]
	BaseThreadInitThunk [0x0x7ffde74ae8d7+23]
	RtlUserThreadStart [0x0x7ffde88c8d9c+44]

2025-10-01 11:43:36,873 - INFO - Check complete. Waiting 3600 seconds until next check...
2025-10-01 11:45:19,164 - INFO - Monitor stopped by user
2025-10-01 11:45:25,001 - INFO - Starting visa appointment monitor...
2025-10-01 11:45:27,258 - INFO - Notification sent: Visa Monitor Started
2025-10-01 11:45:27,259 - INFO - Starting appointment check...
2025-10-01 11:45:28,497 - INFO - Navigating to login page...
2025-10-01 11:45:34,851 - INFO - Login submitted
2025-10-01 11:45:37,851 - INFO - Looking for Continue button...
2025-10-01 11:45:41,482 - INFO - Looking for Reschedule Appointment link...
2025-10-01 11:45:43,543 - INFO - Selecting Calgary location...
2025-10-01 11:45:54,988 - INFO - Checking date availability...
2025-10-01 11:46:05,037 - ERROR - Location selection/date check failed: Message: element not interactable
  (Session info: chrome=140.0.7339.128); For documentation on this error, please visit: https://www.selenium.dev/documentation/webdriver/troubleshooting/errors#elementnotinteractableexception
Stacktrace:
	GetHandleVerifier [0x0x7ff63b2f1eb5+80197]
	GetHandleVerifier [0x0x7ff63b2f1f10+80288]
	(No symbol) [0x0x7ff63b07011c]
	(No symbol) [0x0x7ff63b0c9243]
	(No symbol) [0x0x7ff63b0babc8]
	(No symbol) [0x0x7ff63b0f037a]
	(No symbol) [0x0x7ff63b0ba456]
	(No symbol) [0x0x7ff63b0f0590]
	(No symbol) [0x0x7ff63b1187fb]
	(No symbol) [0x0x7ff63b0f0153]
	(No symbol) [0x0x7ff63b0b8b02]
	(No symbol) [0x0x7ff63b0b98d3]
	GetHandleVerifier [0x0x7ff63b5ae83d+2949837]
	GetHandleVerifier [0x0x7ff63b5a8c6a+2926330]
	GetHandleVerifier [0x0x7ff63b5c86c7+3055959]
	GetHandleVerifier [0x0x7ff63b30cfee+191102]
	GetHandleVerifier [0x0x7ff63b3150af+224063]
	GetHandleVerifier [0x0x7ff63b2faf64+117236]
	GetHandleVerifier [0x0x7ff63b2fb119+117673]
	GetHandleVerifier [0x0x7ff63b2e10a8+11064]
	BaseThreadInitThunk [0x0x7ffde74ae8d7+23]
	RtlUserThreadStart [0x0x7ffde88c8d9c+44]

2025-10-01 11:46:05,037 - INFO - No available dates found
2025-10-01 11:46:07,201 - INFO - Check complete. Waiting 3600 seconds until next check...
2025-10-01 11:50:21,479 - INFO - Monitor stopped by user
2025-10-01 11:50:24,351 - INFO - Starting visa appointment monitor...
2025-10-01 11:50:26,285 - INFO - Notification sent: Visa Monitor Started
2025-10-01 11:50:26,285 - INFO - Starting appointment check...
2025-10-01 11:50:27,543 - INFO - Navigating to login page...
2025-10-01 11:50:39,272 - INFO - Login submitted
2025-10-01 11:50:42,273 - INFO - Looking for Continue button...
2025-10-01 11:50:45,710 - INFO - Looking for Reschedule Appointment link...
2025-10-01 11:50:47,783 - INFO - Looking for second Reschedule Appointment link...
2025-10-01 11:50:49,844 - INFO - Selecting Calgary location...
2025-10-01 11:50:54,363 - ERROR - Location selection/date check failed: Message: invalid session id: session deleted as the browser has closed the connection
from disconnected: unable to send message to renderer
  (Session info: chrome=140.0.7339.128); For documentation on this error, please visit: https://www.selenium.dev/documentation/webdriver/troubleshooting/errors#invalidsessionidexception
Stacktrace:
	GetHandleVerifier [0x0x7ff63b2f1eb5+80197]
	GetHandleVerifier [0x0x7ff63b2f1f10+80288]
	(No symbol) [0x0x7ff63b0702fa]
	(No symbol) [0x0x7ff63b05c6dc]
	(No symbol) [0x0x7ff63b05c63c]
	(No symbol) [0x0x7ff63b05ad90]
	(No symbol) [0x0x7ff63b05ba6b]
	(No symbol) [0x0x7ff63b0759d1]
	(No symbol) [0x0x7ff63b076507]
	(No symbol) [0x0x7ff63b07af6f]
	(No symbol) [0x0x7ff63b07b02f]
	(No symbol) [0x0x7ff63b0c7587]
	(No symbol) [0x0x7ff63b0c7f9c]
	(No symbol) [0x0x7ff63b11ba87]
	(No symbol) [0x0x7ff63b0f03bf]
	(No symbol) [0x0x7ff63b1187fb]
	(No symbol) [0x0x7ff63b0f0153]
	(No symbol) [0x0x7ff63b0b8b02]
	(No symbol) [0x0x7ff63b0b98d3]
	GetHandleVerifier [0x0x7ff63b5ae83d+2949837]
	GetHandleVerifier [0x0x7ff63b5a8c6a+2926330]
	GetHandleVerifier [0x0x7ff63b5c86c7+3055959]
	GetHandleVerifier [0x0x7ff63b30cfee+191102]
	GetHandleVerifier [0x0x7ff63b3150af+224063]
	GetHandleVerifier [0x0x7ff63b2faf64+117236]
	GetHandleVerifier [0x0x7ff63b2fb119+117673]
	GetHandleVerifier [0x0x7ff63b2e10a8+11064]
	BaseThreadInitThunk [0x0x7ffde74ae8d7+23]
	RtlUserThreadStart [0x0x7ffde88c8d9c+44]

2025-10-01 11:50:54,363 - INFO - No available dates found
2025-10-01 11:50:56,505 - INFO - Check complete. Waiting 3600 seconds until next check...
2025-10-01 11:53:37,313 - INFO - Monitor stopped by user
2025-10-01 11:53:40,337 - INFO - Starting visa appointment monitor...
2025-10-01 11:53:41,989 - INFO - Notification sent: Visa Monitor Started
2025-10-01 11:53:41,990 - INFO - Starting appointment check...
2025-10-01 11:53:43,209 - INFO - Navigating to login page...
2025-10-01 11:53:44,820 - INFO - Login submitted
2025-10-01 11:53:47,820 - INFO - Looking for Continue button...
2025-10-01 11:54:01,004 - ERROR - Navigation to reschedule failed: Message: invalid session id: session deleted as the browser has closed the connection
from disconnected: not connected to DevTools
  (Session info: chrome=140.0.7339.128); For documentation on this error, please visit: https://www.selenium.dev/documentation/webdriver/troubleshooting/errors#invalidsessionidexception
Stacktrace:
	GetHandleVerifier [0x0x7ff63b2f1eb5+80197]
	GetHandleVerifier [0x0x7ff63b2f1f10+80288]
	(No symbol) [0x0x7ff63b0702fa]
	(No symbol) [0x0x7ff63b05c0a5]
	(No symbol) [0x0x7ff63b08144a]
	(No symbol) [0x0x7ff63b0f7be6]
	(No symbol) [0x0x7ff63b118132]
	(No symbol) [0x0x7ff63b0f0153]
	(No symbol) [0x0x7ff63b0b8b02]
	(No symbol) [0x0x7ff63b0b98d3]
	GetHandleVerifier [0x0x7ff63b5ae83d+2949837]
	GetHandleVerifier [0x0x7ff63b5a8c6a+2926330]
	GetHandleVerifier [0x0x7ff63b5c86c7+3055959]
	GetHandleVerifier [0x0x7ff63b30cfee+191102]
	GetHandleVerifier [0x0x7ff63b3150af+224063]
	GetHandleVerifier [0x0x7ff63b2faf64+117236]
	GetHandleVerifier [0x0x7ff63b2fb119+117673]
	GetHandleVerifier [0x0x7ff63b2e10a8+11064]
	BaseThreadInitThunk [0x0x7ffde74ae8d7+23]
	RtlUserThreadStart [0x0x7ffde88c8d9c+44]

2025-10-01 11:54:03,087 - INFO - Monitor stopped by user
2025-10-01 11:54:05,631 - INFO - Starting visa appointment monitor...
2025-10-01 11:54:07,255 - INFO - Notification sent: Visa Monitor Started
2025-10-01 11:54:07,256 - INFO - Starting appointment check...
2025-10-01 11:54:08,443 - INFO - Navigating to login page...
2025-10-01 11:54:10,327 - INFO - Login submitted
2025-10-01 11:54:13,328 - INFO - Looking for Continue button...
2025-10-01 11:54:24,054 - ERROR - Navigation to reschedule failed: Message: invalid session id: session deleted as the browser has closed the connection
from disconnected: unable to send message to renderer
  (Session info: chrome=140.0.7339.128); For documentation on this error, please visit: https://www.selenium.dev/documentation/webdriver/troubleshooting/errors#invalidsessionidexception
Stacktrace:
	GetHandleVerifier [0x0x7ff63b2f1eb5+80197]
	GetHandleVerifier [0x0x7ff63b2f1f10+80288]
	(No symbol) [0x0x7ff63b0702fa]
	(No symbol) [0x0x7ff63b05c6dc]
	(No symbol) [0x0x7ff63b05c63c]
	(No symbol) [0x0x7ff63b05ad90]
	(No symbol) [0x0x7ff63b05ba6b]
	(No symbol) [0x0x7ff63b0759d1]
	(No symbol) [0x0x7ff63b076507]
	(No symbol) [0x0x7ff63b07af6f]
	(No symbol) [0x0x7ff63b07b02f]
	(No symbol) [0x0x7ff63b0c7587]
	(No symbol) [0x0x7ff63b0c7f9c]
	(No symbol) [0x0x7ff63b11ba87]
	(No symbol) [0x0x7ff63b0f03bf]
	(No symbol) [0x0x7ff63b1187fb]
	(No symbol) [0x0x7ff63b0f0153]
	(No symbol) [0x0x7ff63b0b8b02]
	(No symbol) [0x0x7ff63b0b98d3]
	GetHandleVerifier [0x0x7ff63b5ae83d+2949837]
	GetHandleVerifier [0x0x7ff63b5a8c6a+2926330]
	GetHandleVerifier [0x0x7ff63b5c86c7+3055959]
	GetHandleVerifier [0x0x7ff63b30cfee+191102]
	GetHandleVerifier [0x0x7ff63b3150af+224063]
	GetHandleVerifier [0x0x7ff63b2faf64+117236]
	GetHandleVerifier [0x0x7ff63b2fb119+117673]
	GetHandleVerifier [0x0x7ff63b2e10a8+11064]
	BaseThreadInitThunk [0x0x7ffde74ae8d7+23]
	RtlUserThreadStart [0x0x7ffde88c8d9c+44]

2025-10-01 11:54:26,172 - INFO - Check complete. Waiting 3600 seconds until next check...
2025-10-01 11:57:55,959 - INFO - Monitor stopped by user
2025-10-01 11:58:11,692 - INFO - Starting visa appointment monitor...
2025-10-01 11:58:13,425 - INFO - Notification sent: Visa Monitor Started
2025-10-01 11:58:13,426 - INFO - Starting appointment check...
2025-10-01 11:58:14,676 - INFO - Navigating to login page...
2025-10-01 11:58:16,246 - INFO - Login submitted
2025-10-01 11:58:19,246 - INFO - Looking for Continue button...
2025-10-01 11:58:19,768 - INFO - Expanding 'Reschedule Appointment' accordion...
2025-10-01 11:58:19,853 - INFO - Waiting for green 'Reschedule Appointment' link (CSS selector: a.button.small.primary.small-only-expanded)...
2025-10-01 11:58:37,941 - ERROR - Navigation to reschedule failed: Message: invalid session id: session deleted as the browser has closed the connection
from disconnected: unable to send message to renderer
  (Session info: chrome=140.0.7339.128); For documentation on this error, please visit: https://www.selenium.dev/documentation/webdriver/troubleshooting/errors#invalidsessionidexception
Stacktrace:
	GetHandleVerifier [0x0x7ff63b2f1eb5+80197]
	GetHandleVerifier [0x0x7ff63b2f1f10+80288]
	(No symbol) [0x0x7ff63b0702fa]
	(No symbol) [0x0x7ff63b05c6dc]
	(No symbol) [0x0x7ff63b05c63c]
	(No symbol) [0x0x7ff63b05ad90]
	(No symbol) [0x0x7ff63b05ba6b]
	(No symbol) [0x0x7ff63b0759d1]
	(No symbol) [0x0x7ff63b076507]
	(No symbol) [0x0x7ff63b07af6f]
	(No symbol) [0x0x7ff63b07b02f]
	(No symbol) [0x0x7ff63b0c7587]
	(No symbol) [0x0x7ff63b0c7f9c]
	(No symbol) [0x0x7ff63b11ba87]
	(No symbol) [0x0x7ff63b0f03bf]
	(No symbol) [0x0x7ff63b1187fb]
	(No symbol) [0x0x7ff63b0f0153]
	(No symbol) [0x0x7ff63b0b8b02]
	(No symbol) [0x0x7ff63b0b98d3]
	GetHandleVerifier [0x0x7ff63b5ae83d+2949837]
	GetHandleVerifier [0x0x7ff63b5a8c6a+2926330]
	GetHandleVerifier [0x0x7ff63b5c86c7+3055959]
	GetHandleVerifier [0x0x7ff63b30cfee+191102]
	GetHandleVerifier [0x0x7ff63b3150af+224063]
	GetHandleVerifier [0x0x7ff63b2faf64+117236]
	GetHandleVerifier [0x0x7ff63b2fb119+117673]
	GetHandleVerifier [0x0x7ff63b2e10a8+11064]
	BaseThreadInitThunk [0x0x7ffde74ae8d7+23]
	RtlUserThreadStart [0x0x7ffde88c8d9c+44]

2025-10-01 11:58:40,071 - INFO - Monitor stopped by user
2025-10-01 12:01:48,029 - INFO - Starting visa appointment monitor...
2025-10-01 12:01:49,932 - INFO - Notification sent: Visa Monitor Started
2025-10-01 12:01:49,932 - INFO - Starting appointment check...
2025-10-01 12:01:51,157 - INFO - Navigating to login page...
2025-10-01 12:01:52,886 - INFO - Login submitted
2025-10-01 12:01:55,886 - INFO - Looking for Continue button...
2025-10-01 12:01:56,646 - INFO - Expanding 'Reschedule Appointment' accordion...
2025-10-01 12:01:56,733 - INFO - Clicking green 'Reschedule Appointment' button...
2025-10-01 12:02:02,984 - ERROR - Navigation to reschedule failed: Message: invalid session id: session deleted as the browser has closed the connection
from disconnected: not connected to DevTools
  (Session info: chrome=140.0.7339.128); For documentation on this error, please visit: https://www.selenium.dev/documentation/webdriver/troubleshooting/errors#invalidsessionidexception
Stacktrace:
	GetHandleVerifier [0x0x7ff63b2f1eb5+80197]
	GetHandleVerifier [0x0x7ff63b2f1f10+80288]
	(No symbol) [0x0x7ff63b0702fa]
	(No symbol) [0x0x7ff63b05c0a5]
	(No symbol) [0x0x7ff63b08144a]
	(No symbol) [0x0x7ff63b0f7be6]
	(No symbol) [0x0x7ff63b118132]
	(No symbol) [0x0x7ff63b0f0153]
	(No symbol) [0x0x7ff63b0b8b02]
	(No symbol) [0x0x7ff63b0b98d3]
	GetHandleVerifier [0x0x7ff63b5ae83d+2949837]
	GetHandleVerifier [0x0x7ff63b5a8c6a+2926330]
	GetHandleVerifier [0x0x7ff63b5c86c7+3055959]
	GetHandleVerifier [0x0x7ff63b30cfee+191102]
	GetHandleVerifier [0x0x7ff63b3150af+224063]
	GetHandleVerifier [0x0x7ff63b2faf64+117236]
	GetHandleVerifier [0x0x7ff63b2fb119+117673]
	GetHandleVerifier [0x0x7ff63b2e10a8+11064]
	BaseThreadInitThunk [0x0x7ffde74ae8d7+23]
	RtlUserThreadStart [0x0x7ffde88c8d9c+44]

2025-10-01 12:02:05,184 - INFO - Check complete. Waiting 3600 seconds until next check...
2025-10-01 12:03:09,822 - INFO - Monitor stopped by user
2025-10-01 12:03:12,315 - INFO - Starting visa appointment monitor...
2025-10-01 12:03:13,851 - INFO - Notification sent: Visa Monitor Started
2025-10-01 12:03:13,851 - INFO - Starting appointment check...
2025-10-01 12:03:15,046 - INFO - Navigating to login page...
2025-10-01 12:03:16,872 - INFO - Login submitted
2025-10-01 12:03:19,896 - INFO - Looking for Continue button...
2025-10-01 12:03:20,521 - INFO - Expanding 'Reschedule Appointment' accordion...
2025-10-01 12:03:20,590 - INFO - Clicking green 'Reschedule Appointment' button...
2025-10-01 12:03:21,537 - INFO - Selecting Calgary location...
2025-10-01 12:03:23,605 - INFO - Checking date availability...
2025-10-01 12:03:33,667 - ERROR - Location selection/date check failed: Message: element not interactable
  (Session info: chrome=140.0.7339.128); For documentation on this error, please visit: https://www.selenium.dev/documentation/webdriver/troubleshooting/errors#elementnotinteractableexception
Stacktrace:
	GetHandleVerifier [0x0x7ff63b2f1eb5+80197]
	GetHandleVerifier [0x0x7ff63b2f1f10+80288]
	(No symbol) [0x0x7ff63b07011c]
	(No symbol) [0x0x7ff63b0c9243]
	(No symbol) [0x0x7ff63b0babc8]
	(No symbol) [0x0x7ff63b0f037a]
	(No symbol) [0x0x7ff63b0ba456]
	(No symbol) [0x0x7ff63b0f0590]
	(No symbol) [0x0x7ff63b1187fb]
	(No symbol) [0x0x7ff63b0f0153]
	(No symbol) [0x0x7ff63b0b8b02]
	(No symbol) [0x0x7ff63b0b98d3]
	GetHandleVerifier [0x0x7ff63b5ae83d+2949837]
	GetHandleVerifier [0x0x7ff63b5a8c6a+2926330]
	GetHandleVerifier [0x0x7ff63b5c86c7+3055959]
	GetHandleVerifier [0x0x7ff63b30cfee+191102]
	GetHandleVerifier [0x0x7ff63b3150af+224063]
	GetHandleVerifier [0x0x7ff63b2faf64+117236]
	GetHandleVerifier [0x0x7ff63b2fb119+117673]
	GetHandleVerifier [0x0x7ff63b2e10a8+11064]
	BaseThreadInitThunk [0x0x7ffde74ae8d7+23]
	RtlUserThreadStart [0x0x7ffde88c8d9c+44]

2025-10-01 12:03:33,668 - INFO - No available dates found
2025-10-01 12:03:35,931 - INFO - Check complete. Waiting 3600 seconds until next check...
2025-10-01 12:25:47,256 - INFO - Monitor stopped by user
2025-10-01 12:25:50,036 - INFO - Starting visa appointment monitor...
2025-10-01 12:25:51,561 - INFO - Notification sent: Visa Monitor Started
2025-10-01 12:25:51,561 - INFO - Starting appointment check...
2025-10-01 12:25:52,790 - INFO - Navigating to login page...
2025-10-01 12:25:54,628 - INFO - Login submitted
2025-10-01 12:25:57,635 - INFO - Looking for Continue button...
2025-10-01 12:25:58,269 - INFO - Expanding 'Reschedule Appointment' accordion...
2025-10-01 12:25:58,344 - INFO - Clicking green 'Reschedule Appointment' button...
2025-10-01 12:25:59,449 - INFO - Selecting Calgary location...
2025-10-01 12:26:03,497 - INFO - Checking for system busy message...
2025-10-01 12:26:03,512 - INFO - System is busy - no appointments available
2025-10-01 12:26:03,512 - INFO - No available appointments - system is busy or button disabled
2025-10-01 12:26:05,704 - INFO - Check complete. Waiting 3600 seconds until next check...
2025-10-01 12:26:44,120 - INFO - Monitor stopped by user
2025-10-01 12:29:33,602 - INFO - Starting visa appointment monitor...
2025-10-01 12:29:35,090 - INFO - Notification sent: Visa Monitor Started
2025-10-01 12:29:35,090 - INFO - Starting appointment check...
2025-10-01 12:29:36,481 - INFO - Navigating to login page...
2025-10-01 12:29:38,075 - INFO - Login submitted
2025-10-01 12:29:41,076 - INFO - Looking for Continue button...
2025-10-01 12:29:41,674 - INFO - Expanding 'Reschedule Appointment' accordion...
2025-10-01 12:29:41,741 - INFO - Clicking green 'Reschedule Appointment' button...
2025-10-01 12:29:42,752 - INFO - Selecting Calgary location...
2025-10-01 12:29:46,814 - INFO - Checking for system busy message...
2025-10-01 12:29:46,831 - INFO - System is busy - no appointments available
2025-10-01 12:29:46,831 - INFO - No available appointments - system is busy or button disabled
2025-10-01 12:29:50,584 - INFO - Check complete. Waiting 3600 seconds until next check...
2025-10-01 12:30:44,366 - INFO - Monitor stopped by user
2025-10-01 12:31:02,770 - INFO - Starting visa appointment monitor...
2025-10-01 12:31:04,220 - INFO - Notification sent: Visa Monitor Started
2025-10-01 12:31:04,220 - INFO - Starting appointment check...
2025-10-01 12:31:05,421 - INFO - Navigating to login page...
2025-10-01 12:31:07,002 - INFO - Login submitted
2025-10-01 12:31:10,003 - INFO - Looking for Continue button...
2025-10-01 12:31:10,587 - INFO - Expanding 'Reschedule Appointment' accordion...
2025-10-01 12:31:10,652 - INFO - Clicking green 'Reschedule Appointment' button...
2025-10-01 12:31:11,651 - INFO - Selecting Calgary location...
2025-10-01 12:31:15,714 - INFO - Checking for system busy message...
2025-10-01 12:31:15,731 - INFO - System is busy - no appointments available
2025-10-01 12:31:15,732 - INFO - No available appointments - system is busy or button disabled
2025-10-01 12:31:17,939 - INFO - Check complete. Waiting 10 seconds until next check...
2025-10-01 12:31:27,939 - INFO - Starting appointment check...
2025-10-01 12:31:29,155 - INFO - Navigating to login page...
2025-10-01 12:31:30,904 - INFO - Login submitted
2025-10-01 12:31:33,905 - INFO - Looking for Continue button...
2025-10-01 12:31:34,487 - INFO - Expanding 'Reschedule Appointment' accordion...
2025-10-01 12:31:34,562 - INFO - Clicking green 'Reschedule Appointment' button...
2025-10-01 12:31:35,579 - INFO - Selecting Calgary location...
2025-10-01 12:31:39,642 - INFO - Checking for system busy message...
2025-10-01 12:31:39,661 - INFO - System is busy - no appointments available
2025-10-01 12:31:39,661 - INFO - No available appointments - system is busy or button disabled
2025-10-01 12:31:42,404 - INFO - Monitor stopped by user
2025-10-01 12:33:05,165 - INFO - Starting visa appointment monitor...
2025-10-01 12:33:06,588 - INFO - Notification sent: Visa Monitor Started
2025-10-01 12:33:06,588 - INFO - Starting appointment check...
2025-10-01 12:33:07,798 - INFO - Navigating to login page...
2025-10-01 12:33:09,575 - INFO - Login submitted
2025-10-01 12:33:12,584 - INFO - Looking for Continue button...
2025-10-01 12:33:13,239 - INFO - Expanding 'Reschedule Appointment' accordion...
2025-10-01 12:33:13,307 - INFO - Clicking green 'Reschedule Appointment' button...
2025-10-01 12:33:14,281 - INFO - Selecting Calgary location...
2025-10-01 12:33:18,345 - INFO - Checking for system busy message...
2025-10-01 12:33:18,364 - INFO - System is busy - no appointments available
2025-10-01 12:33:21,936 - INFO - Check complete. Waiting 30 seconds until next check...
2025-10-01 12:33:49,517 - INFO - Monitor stopped by user
2025-10-01 12:35:11,478 - INFO - Starting visa appointment monitor...
2025-10-01 12:35:12,836 - INFO - Notification sent: Visa Monitor Started
2025-10-01 12:35:12,836 - INFO - Starting appointment check...
2025-10-01 12:35:14,045 - INFO - Navigating to login page...
2025-10-01 12:35:35,117 - ERROR - Login failed: Message: 
Stacktrace:
	GetHandleVerifier [0x0x7ff63b2f1eb5+80197]
	GetHandleVerifier [0x0x7ff63b2f1f10+80288]
	(No symbol) [0x0x7ff63b0702fa]
	(No symbol) [0x0x7ff63b0c7cd7]
	(No symbol) [0x0x7ff63b0c7f9c]
	(No symbol) [0x0x7ff63b11ba87]
	(No symbol) [0x0x7ff63b0f03bf]
	(No symbol) [0x0x7ff63b1187fb]
	(No symbol) [0x0x7ff63b0f0153]
	(No symbol) [0x0x7ff63b0b8b02]
	(No symbol) [0x0x7ff63b0b98d3]
	GetHandleVerifier [0x0x7ff63b5ae83d+2949837]
	GetHandleVerifier [0x0x7ff63b5a8c6a+2926330]
	GetHandleVerifier [0x0x7ff63b5c86c7+3055959]
	GetHandleVerifier [0x0x7ff63b30cfee+191102]
	GetHandleVerifier [0x0x7ff63b3150af+224063]
	GetHandleVerifier [0x0x7ff63b2faf64+117236]
	GetHandleVerifier [0x0x7ff63b2fb119+117673]
	GetHandleVerifier [0x0x7ff63b2e10a8+11064]
	BaseThreadInitThunk [0x0x7ffde74ae8d7+23]
	RtlUserThreadStart [0x0x7ffde88c8d9c+44]

2025-10-01 12:35:37,412 - INFO - Check complete. Waiting 30 seconds until next check...
2025-10-01 12:35:50,210 - INFO - Monitor stopped by user
2025-10-01 12:35:53,896 - INFO - Starting visa appointment monitor...
2025-10-01 12:35:55,286 - INFO - Notification sent: Visa Monitor Started
2025-10-01 12:35:55,286 - INFO - Starting appointment check...
2025-10-01 12:35:56,555 - INFO - Navigating to login page...
2025-10-01 12:36:17,381 - ERROR - Login failed: Message: 
Stacktrace:
	GetHandleVerifier [0x0x7ff63b2f1eb5+80197]
	GetHandleVerifier [0x0x7ff63b2f1f10+80288]
	(No symbol) [0x0x7ff63b0702fa]
	(No symbol) [0x0x7ff63b0c7cd7]
	(No symbol) [0x0x7ff63b0c7f9c]
	(No symbol) [0x0x7ff63b11ba87]
	(No symbol) [0x0x7ff63b0f03bf]
	(No symbol) [0x0x7ff63b1187fb]
	(No symbol) [0x0x7ff63b0f0153]
	(No symbol) [0x0x7ff63b0b8b02]
	(No symbol) [0x0x7ff63b0b98d3]
	GetHandleVerifier [0x0x7ff63b5ae83d+2949837]
	GetHandleVerifier [0x0x7ff63b5a8c6a+2926330]
	GetHandleVerifier [0x0x7ff63b5c86c7+3055959]
	GetHandleVerifier [0x0x7ff63b30cfee+191102]
	GetHandleVerifier [0x0x7ff63b3150af+224063]
	GetHandleVerifier [0x0x7ff63b2faf64+117236]
	GetHandleVerifier [0x0x7ff63b2fb119+117673]
	GetHandleVerifier [0x0x7ff63b2e10a8+11064]
	BaseThreadInitThunk [0x0x7ffde74ae8d7+23]
	RtlUserThreadStart [0x0x7ffde88c8d9c+44]

2025-10-01 12:36:19,644 - INFO - Check complete. Waiting 30 seconds until next check...
2025-10-01 12:36:20,302 - INFO - Monitor stopped by user
2025-10-01 12:38:38,595 - INFO - Starting visa appointment monitor...
2025-10-01 12:38:40,093 - INFO - Notification sent: Visa Monitor Started
2025-10-01 12:38:40,093 - INFO - Starting appointment check...
2025-10-01 12:38:41,299 - INFO - Navigating to login page...
2025-10-01 12:38:42,883 - INFO - Login submitted
2025-10-01 12:38:45,884 - INFO - Looking for Continue button...
2025-10-01 12:38:46,475 - INFO - Expanding 'Reschedule Appointment' accordion...
2025-10-01 12:38:46,541 - INFO - Clicking green 'Reschedule Appointment' button...
2025-10-01 12:38:47,700 - INFO - Selecting Calgary location...
2025-10-01 12:38:51,758 - INFO - Checking for system busy message...
2025-10-01 12:38:51,771 - INFO - System is busy - no appointments available
2025-10-01 12:38:56,808 - INFO - Check complete. Waiting 30 seconds until next check...
2025-10-01 12:39:26,808 - INFO - Starting appointment check...
2025-10-01 12:39:27,993 - INFO - Navigating to login page...
2025-10-01 12:39:29,615 - INFO - Login submitted
2025-10-01 12:39:32,615 - INFO - Looking for Continue button...
2025-10-01 12:39:33,163 - INFO - Expanding 'Reschedule Appointment' accordion...
2025-10-01 12:39:33,225 - INFO - Clicking green 'Reschedule Appointment' button...
2025-10-01 12:39:34,212 - INFO - Selecting Calgary location...
2025-10-01 12:39:38,269 - INFO - Checking for system busy message...
2025-10-01 12:39:38,292 - INFO - System is busy - no appointments available
2025-10-01 12:39:41,859 - INFO - Check complete. Waiting 30 seconds until next check...
2025-10-01 12:39:45,486 - INFO - Monitor stopped by user
2025-10-01 12:41:31,916 - INFO - Starting visa appointment monitor...
2025-10-01 12:41:33,325 - INFO - Notification sent: Visa Monitor Started
2025-10-01 12:41:33,325 - INFO - Starting appointment check...
2025-10-01 12:41:34,516 - INFO - Navigating to login page...
2025-10-01 12:41:36,023 - INFO - Login submitted
2025-10-01 12:41:39,024 - INFO - Looking for Continue button...
2025-10-01 12:41:39,564 - INFO - Expanding 'Reschedule Appointment' accordion...
2025-10-01 12:41:39,622 - INFO - Clicking green 'Reschedule Appointment' button...
2025-10-01 12:41:40,599 - INFO - Selecting Calgary location...
2025-10-01 12:41:44,659 - INFO - Checking for system busy message...
2025-10-01 12:41:44,674 - INFO - System is busy - no appointments available
2025-10-01 12:41:46,092 - INFO - Notification sent: 🚨 US Visa Appointment Available in Calgary!
2025-10-01 12:41:48,266 - INFO - Check complete. Waiting 30 seconds until next check...
2025-10-01 12:42:18,266 - INFO - Starting appointment check...
2025-10-01 12:42:19,465 - INFO - Navigating to login page...
2025-10-01 12:42:21,050 - INFO - Login submitted
2025-10-01 12:42:24,050 - INFO - Looking for Continue button...
2025-10-01 12:42:24,579 - INFO - Expanding 'Reschedule Appointment' accordion...
2025-10-01 12:42:24,640 - INFO - Clicking green 'Reschedule Appointment' button...
2025-10-01 12:42:25,611 - INFO - Selecting Calgary location...
2025-10-01 12:42:29,668 - INFO - Checking for system busy message...
2025-10-01 12:42:29,684 - INFO - System is busy - no appointments available
2025-10-01 12:42:31,072 - INFO - Notification sent: 🚨 US Visa Appointment Available in Calgary!
2025-10-01 12:42:33,233 - INFO - Check complete. Waiting 30 seconds until next check...
2025-10-01 12:42:40,133 - INFO - Monitor stopped by user
2025-10-01 12:50:47,264 - INFO - Starting visa appointment monitor...
2025-10-01 12:50:49,841 - INFO - Notification sent: Visa Monitor Started
2025-10-01 12:50:49,841 - INFO - Starting appointment check...
2025-10-01 12:50:51,080 - INFO - Navigating to login page...
2025-10-01 12:50:53,463 - INFO - Login submitted
2025-10-01 12:50:56,464 - INFO - Looking for Continue button...
2025-10-01 12:50:57,437 - INFO - Expanding 'Reschedule Appointment' accordion...
2025-10-01 12:50:57,515 - INFO - Clicking green 'Reschedule Appointment' button...
2025-10-01 12:50:58,817 - INFO - Selecting Calgary location...
2025-10-01 12:51:02,874 - INFO - Checking for system busy message...
2025-10-01 12:51:02,889 - INFO - System is busy - no appointments available
2025-10-01 12:51:02,889 - INFO - No available appointments - system is busy or button disabled
2025-10-01 12:51:04,997 - INFO - Check complete. Waiting 30 seconds until next check...
2025-10-01 12:51:11,261 - INFO - Monitor stopped by user
2025-10-01 12:51:45,144 - INFO - Starting visa appointment monitor...
2025-10-01 12:51:46,626 - INFO - Notification sent: Visa Monitor Started
2025-10-01 12:51:46,626 - INFO - Starting appointment check...
2025-10-01 12:51:47,824 - INFO - Navigating to login page...
2025-10-01 12:51:49,507 - INFO - Login submitted
2025-10-01 12:51:52,508 - INFO - Looking for Continue button...
2025-10-01 12:51:53,029 - INFO - Expanding 'Reschedule Appointment' accordion...
2025-10-01 12:51:53,089 - INFO - Clicking green 'Reschedule Appointment' button...
2025-10-01 12:51:54,210 - INFO - Selecting Calgary location...
2025-10-01 12:51:58,260 - INFO - Checking for system busy message...
2025-10-01 12:51:58,275 - INFO - System is busy - no appointments available
2025-10-01 12:51:59,642 - INFO - Notification sent: 🚨 US Visa Appointment Available in Calgary!
2025-10-01 12:52:01,777 - INFO - Check complete. Waiting 30 seconds until next check...
2025-10-01 12:52:15,357 - INFO - Monitor stopped by user
